0 info it worked if it ends with ok
1 verbose cli [ '/Users/miturostislav/.nvm/versions/node/v6.11.0/bin/node',
1 verbose cli   '/Users/miturostislav/.nvm/versions/node/v6.11.0/bin/npm',
1 verbose cli   'install',
1 verbose cli   'tacitknowledge/payment' ]
2 info using npm@3.10.10
3 info using node@v6.11.0
4 silly loadCurrentTree Starting
5 silly install loadCurrentTree
6 silly install readLocalPackageData
7 silly fetchPackageMetaData tacitknowledge/payment
8 silly fetchOtherPackageData tacitknowledge/payment
9 silly cache add args [ 'tacitknowledge/payment', null ]
10 verbose cache add spec tacitknowledge/payment
11 silly cache add parsed spec Result {
11 silly cache add   raw: 'tacitknowledge/payment',
11 silly cache add   scope: null,
11 silly cache add   escapedName: null,
11 silly cache add   name: null,
11 silly cache add   rawSpec: 'tacitknowledge/payment',
11 silly cache add   spec: 'github:tacitknowledge/payment',
11 silly cache add   type: 'hosted',
11 silly cache add   hosted:
11 silly cache add    { type: 'github',
11 silly cache add      ssh: 'git@github.com:tacitknowledge/payment.git',
11 silly cache add      sshUrl: 'git+ssh://git@github.com/tacitknowledge/payment.git',
11 silly cache add      httpsUrl: 'git+https://github.com/tacitknowledge/payment.git',
11 silly cache add      gitUrl: 'git://github.com/tacitknowledge/payment.git',
11 silly cache add      shortcut: 'github:tacitknowledge/payment',
11 silly cache add      directUrl: 'https://raw.githubusercontent.com/tacitknowledge/payment/master/package.json' } }
12 verbose addRemoteGit caching tacitknowledge/payment
13 verbose addRemoteGit tacitknowledge/payment is a repository hosted by github
14 silly tryGitProto attempting to clone git://github.com/tacitknowledge/payment.git
15 silly tryClone cloning tacitknowledge/payment via git://github.com/tacitknowledge/payment.git
16 verbose tryClone git-github-com-tacitknowledge-payment-git-4cd84f46 not in flight; caching
17 verbose correctMkdir /Users/miturostislav/.npm/_git-remotes correctMkdir not in flight; initializing
18 verbose makeDirectory /Users/miturostislav/.npm/_git-remotes creation not in flight; initializing
19 silly makeDirectory /Users/miturostislav/.npm/_git-remotes uid: 501 gid: 20
20 info git [ 'clone',
20 info git   '--template=/Users/miturostislav/.npm/_git-remotes/_templates',
20 info git   '--mirror',
20 info git   'git://github.com/tacitknowledge/payment.git',
20 info git   '/Users/miturostislav/.npm/_git-remotes/git-github-com-tacitknowledge-payment-git-4cd84f46' ]
21 verbose mirrorRemote tacitknowledge/payment git clone git://github.com/tacitknowledge/payment.git
22 verbose correctMkdir /Users/miturostislav/.npm/_git-remotes correctMkdir not in flight; initializing
23 verbose setPermissions tacitknowledge/payment set permissions on /Users/miturostislav/.npm/_git-remotes/git-github-com-tacitknowledge-payment-git-4cd84f46
24 verbose resolveHead tacitknowledge/payment original treeish: master
25 info git [ 'rev-list', '-n1', 'master' ]
26 silly resolveHead tacitknowledge/payment resolved treeish: 917eea2ddaa3dceca9322a1989bf2fe0f286dfbb
27 verbose resolveHead tacitknowledge/payment resolved Git URL: git://github.com/tacitknowledge/payment.git#917eea2ddaa3dceca9322a1989bf2fe0f286dfbb
28 silly resolveHead Git working directory: /var/folders/z6/dn01vvr16hz6ckm80bnhbb440000gn/T/npm-7920-6b752e89/git-cache-15cb758c/917eea2ddaa3dceca9322a1989bf2fe0f286dfbb
29 info git [ 'clone',
29 info git   '/Users/miturostislav/.npm/_git-remotes/git-github-com-tacitknowledge-payment-git-4cd84f46',
29 info git   '/var/folders/z6/dn01vvr16hz6ckm80bnhbb440000gn/T/npm-7920-6b752e89/git-cache-15cb758c/917eea2ddaa3dceca9322a1989bf2fe0f286dfbb' ]
30 verbose cloneResolved tacitknowledge/payment clone Cloning into '/var/folders/z6/dn01vvr16hz6ckm80bnhbb440000gn/T/npm-7920-6b752e89/git-cache-15cb758c/917eea2ddaa3dceca9322a1989bf2fe0f286dfbb'...
30 verbose cloneResolved done.
31 info git [ 'checkout', '917eea2ddaa3dceca9322a1989bf2fe0f286dfbb' ]
32 verbose checkoutTreeish tacitknowledge/payment checkout Note: checking out '917eea2ddaa3dceca9322a1989bf2fe0f286dfbb'.
32 verbose checkoutTreeish
32 verbose checkoutTreeish You are in 'detached HEAD' state. You can look around, make experimental
32 verbose checkoutTreeish changes and commit them, and you can discard any commits you make in this
32 verbose checkoutTreeish state without impacting any branches by performing another checkout.
32 verbose checkoutTreeish
32 verbose checkoutTreeish If you want to create a new branch to retain commits you create, you may
32 verbose checkoutTreeish do so (now or later) by using -b with the checkout command again. Example:
32 verbose checkoutTreeish
32 verbose checkoutTreeish   git checkout -b <new-branch-name>
32 verbose checkoutTreeish
32 verbose checkoutTreeish HEAD is now at 917eea2... Remove e.prevendDefault for React compatibility
33 info git [ 'submodule', '-q', 'update', '--init', '--recursive' ]
34 verbose updateSubmodules tacitknowledge/payment submodule update
35 verbose addLocalDirectory /Users/miturostislav/.npm/payment/2.2.1/package.tgz not in flight; packing
36 verbose correctMkdir /Users/miturostislav/.npm correctMkdir not in flight; initializing
37 verbose tar pack [ '/Users/miturostislav/.npm/payment/2.2.1/package.tgz',
37 verbose tar pack   '/var/folders/z6/dn01vvr16hz6ckm80bnhbb440000gn/T/npm-7920-6b752e89/git-cache-15cb758c/917eea2ddaa3dceca9322a1989bf2fe0f286dfbb' ]
38 verbose tarball /Users/miturostislav/.npm/payment/2.2.1/package.tgz
39 verbose folder /var/folders/z6/dn01vvr16hz6ckm80bnhbb440000gn/T/npm-7920-6b752e89/git-cache-15cb758c/917eea2ddaa3dceca9322a1989bf2fe0f286dfbb
40 verbose addLocalTarball adding from inside cache /Users/miturostislav/.npm/payment/2.2.1/package.tgz
41 verbose correctMkdir /Users/miturostislav/.npm correctMkdir not in flight; initializing
42 verbose addRemoteGit data._from: tacitknowledge/payment
43 verbose addRemoteGit data._resolved: git://github.com/tacitknowledge/payment.git#917eea2ddaa3dceca9322a1989bf2fe0f286dfbb
44 silly cache afterAdd payment@2.2.1
45 verbose afterAdd /Users/miturostislav/.npm/payment/2.2.1/package/package.json not in flight; writing
46 verbose correctMkdir /Users/miturostislav/.npm correctMkdir not in flight; initializing
47 verbose afterAdd /Users/miturostislav/.npm/payment/2.2.1/package/package.json written
48 silly install normalizeTree
49 silly loadCurrentTree Finishing
50 silly loadIdealTree Starting
51 silly install loadIdealTree
52 silly cloneCurrentTree Starting
53 silly install cloneCurrentTreeToIdealTree
54 silly cloneCurrentTree Finishing
55 silly loadShrinkwrap Starting
56 silly install loadShrinkwrap
57 silly loadShrinkwrap Finishing
58 silly loadAllDepsIntoIdealTree Starting
59 silly install loadAllDepsIntoIdealTree
60 silly rollbackFailedOptional Starting
61 silly rollbackFailedOptional Finishing
62 silly runTopLevelLifecycles Finishing
63 silly install printInstalled
64 verbose stack Error: Refusing to install payment as a dependency of itself
64 verbose stack     at checkSelf (/Users/miturostislav/.nvm/versions/node/v6.11.0/lib/node_modules/npm/lib/install/validate-args.js:53:14)
64 verbose stack     at Array.<anonymous> (/Users/miturostislav/.nvm/versions/node/v6.11.0/lib/node_modules/npm/node_modules/slide/lib/bind-actor.js:15:8)
64 verbose stack     at LOOP (/Users/miturostislav/.nvm/versions/node/v6.11.0/lib/node_modules/npm/node_modules/slide/lib/chain.js:15:14)
64 verbose stack     at chain (/Users/miturostislav/.nvm/versions/node/v6.11.0/lib/node_modules/npm/node_modules/slide/lib/chain.js:20:5)
64 verbose stack     at /Users/miturostislav/.nvm/versions/node/v6.11.0/lib/node_modules/npm/lib/install/validate-args.js:16:5
64 verbose stack     at /Users/miturostislav/.nvm/versions/node/v6.11.0/lib/node_modules/npm/node_modules/slide/lib/async-map.js:52:35
64 verbose stack     at Array.forEach (native)
64 verbose stack     at /Users/miturostislav/.nvm/versions/node/v6.11.0/lib/node_modules/npm/node_modules/slide/lib/async-map.js:52:11
64 verbose stack     at Array.forEach (native)
64 verbose stack     at asyncMap (/Users/miturostislav/.nvm/versions/node/v6.11.0/lib/node_modules/npm/node_modules/slide/lib/async-map.js:51:8)
65 verbose cwd /Users/miturostislav/Desktop/tacit-payment/payment
66 error Darwin 15.5.0
67 error argv "/Users/miturostislav/.nvm/versions/node/v6.11.0/bin/node" "/Users/miturostislav/.nvm/versions/node/v6.11.0/bin/npm" "install" "tacitknowledge/payment"
68 error node v6.11.0
69 error npm  v3.10.10
70 error code ENOSELF
71 error Refusing to install payment as a dependency of itself
72 error If you need help, you may report this error at:
72 error     <https://github.com/npm/npm/issues>
73 verbose exit [ 1, true ]
